<?xml version="1.0" encoding="UTF-8"?>
<testng-results skipped="0" failed="0" ignored="0" total="1" passed="1">
  <reporter-output>
  </reporter-output>
  <suite name="Suite" duration-ms="28" started-at="2021-02-25T04:16:52Z" finished-at="2021-02-25T04:16:52Z">
    <groups>
    </groups>
    <test name="Test" duration-ms="28" started-at="2021-02-25T04:16:52Z" finished-at="2021-02-25T04:16:52Z">
      <class name="Maven.Simplilearn_maven.AppTest">
        <test-method status="PASS" signature="testApp()[pri:0, instance:Maven.Simplilearn_maven.AppTest@7e0e6aa2]" name="testApp" duration-ms="9" started-at="2021-02-25T04:16:52Z" finished-at="2021-02-25T04:16:52Z">
          <reporter-output>
          </reporter-output>
        </test-method> <!-- testApp -->
      </class> <!-- Maven.Simplilearn_maven.AppTest -->
    </test> <!-- Test -->
  </suite> <!-- Suite -->
</testng-results>
